TN:
SF:src\database\models\products.ts
FNF:0
FNH:0
DA:1,1
DA:9,1
DA:21,1
DA:25,1
LF:4
LH:4
BRF:0
BRH:0
end_of_record
TN:
SF:src\database\repositories\product.repository.ts
FN:15,(anonymous_8)
FN:25,(anonymous_10)
FN:74,(anonymous_12)
FN:85,(anonymous_14)
FN:98,(anonymous_16)
FNF:5
FNH:5
FNDA:1,(anonymous_8)
FNDA:1,(anonymous_10)
FNDA:2,(anonymous_12)
FNDA:2,(anonymous_14)
FNDA:2,(anonymous_16)
DA:2,1
DA:5,1
DA:18,1
DA:19,1
DA:20,1
DA:22,0
DA:26,1
DA:27,1
DA:28,1
DA:29,1
DA:30,1
DA:31,1
DA:34,1
DA:35,1
DA:36,0
DA:37,0
DA:38,0
DA:39,0
DA:40,0
DA:41,0
DA:42,0
DA:46,0
DA:50,1
DA:51,1
DA:52,1
DA:54,1
DA:59,1
DA:60,1
DA:62,1
DA:71,0
DA:75,2
DA:76,2
DA:77,2
DA:78,1
DA:80,1
DA:82,1
DA:86,2
DA:87,2
DA:90,2
DA:91,1
DA:93,1
DA:95,1
DA:99,2
DA:100,2
DA:101,2
DA:102,1
DA:104,1
DA:106,1
DA:112,1
LF:49
LH:39
BRDA:27,0,0,1
BRDA:27,0,1,0
BRDA:28,1,0,1
BRDA:28,1,1,0
BRDA:29,2,0,1
BRDA:29,2,1,0
BRDA:30,3,0,1
BRDA:30,3,1,1
BRDA:36,4,0,0
BRDA:36,4,1,0
BRDA:39,5,0,0
BRDA:39,5,1,0
BRDA:41,6,0,0
BRDA:52,7,0,1
BRDA:52,7,1,0
BRDA:77,8,0,1
BRDA:90,9,0,1
BRDA:101,10,0,1
BRF:18
BRH:9
end_of_record
TN:
SF:src\middlewares\validate-input.ts
FN:12,(anonymous_1)
FN:13,(anonymous_2)
FN:19,(anonymous_3)
FN:22,(anonymous_4)
FNF:4
FNH:4
FNDA:3,(anonymous_1)
FNDA:3,(anonymous_2)
FNDA:6,(anonymous_3)
FNDA:6,(anonymous_4)
DA:1,1
DA:3,1
DA:5,1
DA:12,1
DA:13,3
DA:14,3
DA:16,3
DA:17,3
DA:19,6
DA:20,3
DA:22,6
DA:28,0
DA:32,1
LF:13
LH:12
BRDA:16,0,0,3
BRF:1
BRH:1
end_of_record
TN:
SF:src\utils\errors.ts
FN:6,(anonymous_0)
FN:22,(anonymous_1)
FN:35,(anonymous_2)
FN:41,(anonymous_3)
FN:49,(anonymous_4)
FN:55,(anonymous_5)
FN:67,(anonymous_6)
FNF:7
FNH:3
FNDA:6,(anonymous_0)
FNDA:3,(anonymous_1)
FNDA:3,(anonymous_2)
FNDA:0,(anonymous_3)
FNDA:0,(anonymous_4)
FNDA:0,(anonymous_5)
FNDA:0,(anonymous_6)
DA:1,2
DA:3,2
DA:15,6
DA:16,6
DA:17,6
DA:18,6
DA:21,2
DA:29,3
DA:30,3
DA:34,2
DA:36,3
DA:40,2
DA:44,0
DA:48,2
DA:50,0
DA:54,2
DA:58,0
DA:66,2
DA:74,0
LF:19
LH:15
BRDA:23,0,0,0
BRDA:35,1,0,0
BRDA:42,2,0,0
BRDA:49,3,0,0
BRDA:56,4,0,0
BRDA:68,5,0,0
BRF:6
BRH:0
end_of_record
TN:
SF:src\utils\constants\status-code.ts
FNF:0
FNH:0
DA:1,2
LF:1
LH:1
BRF:0
BRH:0
end_of_record
